%!Adobe-FontList 1.07

%BeginFont
Handler:DirectoryHandler
FontType:Invalid
OutlineFileName:H:\__SOFT_ARCHIV\__Fonts\__FOnt_Packages\Adobe Font Folio Fonts\Frutiger\CYI_____.PFM
%EndFont

%BeginFont
Handler:DirectoryHandler
FontType:Invalid
OutlineFileName:H:\__SOFT_ARCHIV\__Fonts\__FOnt_Packages\Adobe Font Folio Fonts\Frutiger\CY______.PFM
%EndFont

%BeginFont
Handler:DirectoryHandler
FontType:Invalid
OutlineFileName:H:\__SOFT_ARCHIV\__Fonts\__FOnt_Packages\Adobe Font Folio Fonts\Frutiger\DLABI___.PFM
%EndFont

%BeginFont
Handler:DirectoryHandler
FontType:Invalid
OutlineFileName:H:\__SOFT_ARCHIV\__Fonts\__FOnt_Packages\Adobe Font Folio Fonts\Frutiger\DLAB____.PFM
%EndFont

%BeginFont
Handler:DirectoryHandler
FontType:Invalid
OutlineFileName:H:\__SOFT_ARCHIV\__Fonts\__FOnt_Packages\Adobe Font Folio Fonts\Frutiger\DLAI____.PFM
%EndFont

%BeginFont
Handler:DirectoryHandler
FontType:Invalid
OutlineFileName:H:\__SOFT_ARCHIV\__Fonts\__FOnt_Packages\Adobe Font Folio Fonts\Frutiger\DLARG___.PFM
%EndFont

%BeginFont
Handler:DirectoryHandler
FontType:Invalid
OutlineFileName:H:\__SOFT_ARCHIV\__Fonts\__FOnt_Packages\Adobe Font Folio Fonts\Frutiger\DLASB___.PFM
%EndFont

%BeginFont
Handler:DirectoryHandler
FontType:Invalid
OutlineFileName:H:\__SOFT_ARCHIV\__Fonts\__FOnt_Packages\Adobe Font Folio Fonts\Frutiger\DLASI___.PFM
%EndFont

%BeginFont
Handler:DirectoryHandler
FontType:Invalid
OutlineFileName:H:\__SOFT_ARCHIV\__Fonts\__FOnt_Packages\Adobe Font Folio Fonts\Frutiger\DLBIO___.PFM
%EndFont

%BeginFont
Handler:DirectoryHandler
FontType:Invalid
OutlineFileName:H:\__SOFT_ARCHIV\__Fonts\__FOnt_Packages\Adobe Font Folio Fonts\Frutiger\DLBIX___.PFM
%EndFont

%BeginFont
Handler:DirectoryHandler
FontType:Invalid
OutlineFileName:H:\__SOFT_ARCHIV\__Fonts\__FOnt_Packages\Adobe Font Folio Fonts\Frutiger\DLBOS___.PFM
%EndFont

%BeginFont
Handler:DirectoryHandler
FontType:Invalid
OutlineFileName:H:\__SOFT_ARCHIV\__Fonts\__FOnt_Packages\Adobe Font Folio Fonts\Frutiger\DLBXP___.PFM
%EndFont

%BeginFont
Handler:DirectoryHandler
FontType:Invalid
OutlineFileName:H:\__SOFT_ARCHIV\__Fonts\__FOnt_Packages\Adobe Font Folio Fonts\Frutiger\DLIOS___.PFM
%EndFont

%BeginFont
Handler:DirectoryHandler
FontType:Invalid
OutlineFileName:H:\__SOFT_ARCHIV\__Fonts\__FOnt_Packages\Adobe Font Folio Fonts\Frutiger\DLIXP___.PFM
%EndFont

%BeginFont
Handler:DirectoryHandler
FontType:Invalid
OutlineFileName:H:\__SOFT_ARCHIV\__Fonts\__FOnt_Packages\Adobe Font Folio Fonts\Frutiger\DLMIO___.PFM
%EndFont

%BeginFont
Handler:DirectoryHandler
FontType:Invalid
OutlineFileName:H:\__SOFT_ARCHIV\__Fonts\__FOnt_Packages\Adobe Font Folio Fonts\Frutiger\DLMIX___.PFM
%EndFont

%BeginFont
Handler:DirectoryHandler
FontType:Invalid
OutlineFileName:H:\__SOFT_ARCHIV\__Fonts\__FOnt_Packages\Adobe Font Folio Fonts\Frutiger\DLMOF___.PFM
%EndFont

%BeginFont
Handler:DirectoryHandler
FontType:Invalid
OutlineFileName:H:\__SOFT_ARCHIV\__Fonts\__FOnt_Packages\Adobe Font Folio Fonts\Frutiger\DLMXP___.PFM
%EndFont

%BeginFont
Handler:DirectoryHandler
FontType:Invalid
OutlineFileName:H:\__SOFT_ARCHIV\__Fonts\__FOnt_Packages\Adobe Font Folio Fonts\Frutiger\DLRGX___.PFM
%EndFont

%BeginFont
Handler:DirectoryHandler
FontType:Invalid
OutlineFileName:H:\__SOFT_ARCHIV\__Fonts\__FOnt_Packages\Adobe Font Folio Fonts\Frutiger\DLSC____.PFM
%EndFont

%BeginFont
Handler:DirectoryHandler
FontType:Invalid
OutlineFileName:H:\__SOFT_ARCHIV\__Fonts\__FOnt_Packages\Adobe Font Folio Fonts\Frutiger\DLTTL___.PFM
%EndFont

%BeginFont
Handler:DirectoryHandler
FontType:Invalid
OutlineFileName:H:\__SOFT_ARCHIV\__Fonts\__FOnt_Packages\Adobe Font Folio Fonts\Frutiger\enb_____.PFM
%EndFont

%BeginFont
Handler:DirectoryHandler
FontType:Invalid
OutlineFileName:H:\__SOFT_ARCHIV\__Fonts\__FOnt_Packages\Adobe Font Folio Fonts\Frutiger\enl_____.PFM
%EndFont

%BeginFont
Handler:DirectoryHandler
FontType:Invalid
OutlineFileName:H:\__SOFT_ARCHIV\__Fonts\__FOnt_Packages\Adobe Font Folio Fonts\Frutiger\enm_____.PFM
%EndFont

%BeginFont
Handler:DirectoryHandler
FontType:Invalid
OutlineFileName:H:\__SOFT_ARCHIV\__Fonts\__FOnt_Packages\Adobe Font Folio Fonts\Frutiger\ens_____.PFM
%EndFont

%BeginFont
Handler:DirectoryHandler
FontType:Invalid
OutlineFileName:H:\__SOFT_ARCHIV\__Fonts\__FOnt_Packages\Adobe Font Folio Fonts\Frutiger\FTBI____.AFM
%EndFont

%BeginFont
Handler:DirectoryHandler
FontType:Invalid
OutlineFileName:H:\__SOFT_ARCHIV\__Fonts\__FOnt_Packages\Adobe Font Folio Fonts\Frutiger\FTBI____.INF
%EndFont

%BeginFont
Handler:DirectoryHandler
FontType:Type1
FontName:Frutiger-BoldItalic
FamilyName:Frutiger
StyleName:66 Bold Italic
FullName:Frutiger 66 Bold Italic
WritingScript:Roman
OutlineFileName:H:\__SOFT_ARCHIV\__Fonts\__FOnt_Packages\Adobe Font Folio Fonts\Frutiger\FTBI____.PFB
DataFormat:Plain
UsesStandardEncoding:yes
isCFF:no
FileLength:29755
WeightClass:700
WidthClass:5
AngleClass:1
%EndFont

%BeginFont
Handler:DirectoryHandler
FontType:PFM
FontName:Frutiger-BoldItalic
NumMMAxes:0
OutlineFileName:H:\__SOFT_ARCHIV\__Fonts\__FOnt_Packages\Adobe Font Folio Fonts\Frutiger\FTBI____.PFM
FileLength:1062
%EndFont

%BeginFont
Handler:DirectoryHandler
FontType:Invalid
OutlineFileName:H:\__SOFT_ARCHIV\__Fonts\__FOnt_Packages\Adobe Font Folio Fonts\Frutiger\FTBLI___.AFM
%EndFont

%BeginFont
Handler:DirectoryHandler
FontType:Invalid
OutlineFileName:H:\__SOFT_ARCHIV\__Fonts\__FOnt_Packages\Adobe Font Folio Fonts\Frutiger\FTBLI___.INF
%EndFont

%BeginFont
Handler:DirectoryHandler
FontType:Type1
FontName:Frutiger-BlackItalic
FamilyName:Frutiger
StyleName:76 Black Italic
FullName:Frutiger 76 Black Italic
WritingScript:Roman
OutlineFileName:H:\__SOFT_ARCHIV\__Fonts\__FOnt_Packages\Adobe Font Folio Fonts\Frutiger\FTBLI___.PFB
DataFormat:Plain
UsesStandardEncoding:yes
isCFF:no
FileLength:29322
WeightClass:900
WidthClass:5
AngleClass:1
%EndFont

%BeginFont
Handler:DirectoryHandler
FontType:PFM
FontName:Frutiger-BlackItalic
NumMMAxes:0
OutlineFileName:H:\__SOFT_ARCHIV\__Fonts\__FOnt_Packages\Adobe Font Folio Fonts\Frutiger\FTBLI___.PFM
FileLength:1099
%EndFont

%BeginFont
Handler:DirectoryHandler
FontType:Invalid
OutlineFileName:H:\__SOFT_ARCHIV\__Fonts\__FOnt_Packages\Adobe Font Folio Fonts\Frutiger\FTBL____.AFM
%EndFont

%BeginFont
Handler:DirectoryHandler
FontType:Invalid
OutlineFileName:H:\__SOFT_ARCHIV\__Fonts\__FOnt_Packages\Adobe Font Folio Fonts\Frutiger\FTBL____.INF
%EndFont

%BeginFont
Handler:DirectoryHandler
FontType:Type1
FontName:Frutiger-Black
FamilyName:Frutiger
StyleName:75 Black
FullName:Frutiger 75 Black
WritingScript:Roman
OutlineFileName:H:\__SOFT_ARCHIV\__Fonts\__FOnt_Packages\Adobe Font Folio Fonts\Frutiger\FTBL____.PFB
DataFormat:Plain
UsesStandardEncoding:yes
isCFF:no
FileLength:29517
WeightClass:900
WidthClass:5
AngleClass:0
%EndFont

%BeginFont
Handler:DirectoryHandler
FontType:PFM
FontName:Frutiger-Black
NumMMAxes:0
OutlineFileName:H:\__SOFT_ARCHIV\__Fonts\__FOnt_Packages\Adobe Font Folio Fonts\Frutiger\FTBL____.PFM
FileLength:1081
%EndFont

%BeginFont
Handler:DirectoryHandler
FontType:Invalid
OutlineFileName:H:\__SOFT_ARCHIV\__Fonts\__FOnt_Packages\Adobe Font Folio Fonts\Frutiger\FTB_____.AFM
%EndFont

%BeginFont
Handler:DirectoryHandler
FontType:Invalid
OutlineFileName:H:\__SOFT_ARCHIV\__Fonts\__FOnt_Packages\Adobe Font Folio Fonts\Frutiger\FTB_____.INF
%EndFont

%BeginFont
Handler:DirectoryHandler
FontType:Type1
FontName:Frutiger-Bold
FamilyName:Frutiger
StyleName:65 Bold
FullName:Frutiger 65 Bold
WritingScript:Roman
OutlineFileName:H:\__SOFT_ARCHIV\__Fonts\__FOnt_Packages\Adobe Font Folio Fonts\Frutiger\FTB_____.PFB
DataFormat:Plain
UsesStandardEncoding:yes
isCFF:no
FileLength:29406
WeightClass:700
WidthClass:5
AngleClass:0
%EndFont

%BeginFont
Handler:DirectoryHandler
FontType:PFM
FontName:Frutiger-Bold
NumMMAxes:0
OutlineFileName:H:\__SOFT_ARCHIV\__Fonts\__FOnt_Packages\Adobe Font Folio Fonts\Frutiger\FTB_____.PFM
FileLength:1084
%EndFont

%BeginFont
Handler:DirectoryHandler
FontType:Invalid
OutlineFileName:H:\__SOFT_ARCHIV\__Fonts\__FOnt_Packages\Adobe Font Folio Fonts\Frutiger\FTI_____.AFM
%EndFont

%BeginFont
Handler:DirectoryHandler
FontType:Invalid
OutlineFileName:H:\__SOFT_ARCHIV\__Fonts\__FOnt_Packages\Adobe Font Folio Fonts\Frutiger\FTI_____.INF
%EndFont

%BeginFont
Handler:DirectoryHandler
FontType:Type1
FontName:Frutiger-Italic
FamilyName:Frutiger
StyleName:56 Italic
FullName:Frutiger 56 Italic
WritingScript:Roman
OutlineFileName:H:\__SOFT_ARCHIV\__Fonts\__FOnt_Packages\Adobe Font Folio Fonts\Frutiger\FTI_____.PFB
DataFormat:Plain
UsesStandardEncoding:yes
isCFF:no
FileLength:28661
WeightClass:400
WidthClass:5
AngleClass:1
%EndFont

%BeginFont
Handler:DirectoryHandler
FontType:PFM
FontName:Frutiger-Italic
NumMMAxes:0
OutlineFileName:H:\__SOFT_ARCHIV\__Fonts\__FOnt_Packages\Adobe Font Folio Fonts\Frutiger\FTI_____.PFM
FileLength:1054
%EndFont

%BeginFont
Handler:DirectoryHandler
FontType:Invalid
OutlineFileName:H:\__SOFT_ARCHIV\__Fonts\__FOnt_Packages\Adobe Font Folio Fonts\Frutiger\FTLI____.AFM
%EndFont

%BeginFont
Handler:DirectoryHandler
FontType:Invalid
OutlineFileName:H:\__SOFT_ARCHIV\__Fonts\__FOnt_Packages\Adobe Font Folio Fonts\Frutiger\FTLI____.INF
%EndFont

%BeginFont
Handler:DirectoryHandler
FontType:Type1
FontName:Frutiger-LightItalic
FamilyName:Frutiger
StyleName:46 Light Italic
FullName:Frutiger 46 Light Italic
WritingScript:Roman
OutlineFileName:H:\__SOFT_ARCHIV\__Fonts\__FOnt_Packages\Adobe Font Folio Fonts\Frutiger\FTLI____.PFB
DataFormat:Plain
UsesStandardEncoding:yes
isCFF:no
FileLength:28048
WeightClass:300
WidthClass:5
AngleClass:1
%EndFont

%BeginFont
Handler:DirectoryHandler
FontType:PFM
FontName:Frutiger-LightItalic
NumMMAxes:0
OutlineFileName:H:\__SOFT_ARCHIV\__Fonts\__FOnt_Packages\Adobe Font Folio Fonts\Frutiger\FTLI____.PFM
FileLength:1067
%EndFont

%BeginFont
Handler:DirectoryHandler
FontType:Invalid
OutlineFileName:H:\__SOFT_ARCHIV\__Fonts\__FOnt_Packages\Adobe Font Folio Fonts\Frutiger\FTL_____.AFM
%EndFont

%BeginFont
Handler:DirectoryHandler
FontType:Invalid
OutlineFileName:H:\__SOFT_ARCHIV\__Fonts\__FOnt_Packages\Adobe Font Folio Fonts\Frutiger\FTL_____.INF
%EndFont

%BeginFont
Handler:DirectoryHandler
FontType:Type1
FontName:Frutiger-Light
FamilyName:Frutiger
StyleName:45 Light
FullName:Frutiger 45 Light
WritingScript:Roman
OutlineFileName:H:\__SOFT_ARCHIV\__Fonts\__FOnt_Packages\Adobe Font Folio Fonts\Frutiger\FTL_____.PFB
DataFormat:Plain
UsesStandardEncoding:yes
isCFF:no
FileLength:28022
WeightClass:300
WidthClass:5
AngleClass:0
%EndFont

%BeginFont
Handler:DirectoryHandler
FontType:PFM
FontName:Frutiger-Light
NumMMAxes:0
OutlineFileName:H:\__SOFT_ARCHIV\__Fonts\__FOnt_Packages\Adobe Font Folio Fonts\Frutiger\FTL_____.PFM
FileLength:1093
%EndFont

%BeginFont
Handler:DirectoryHandler
FontType:Invalid
OutlineFileName:H:\__SOFT_ARCHIV\__Fonts\__FOnt_Packages\Adobe Font Folio Fonts\Frutiger\FTR_____.AFM
%EndFont

%BeginFont
Handler:DirectoryHandler
FontType:Invalid
OutlineFileName:H:\__SOFT_ARCHIV\__Fonts\__FOnt_Packages\Adobe Font Folio Fonts\Frutiger\FTR_____.INF
%EndFont

%BeginFont
Handler:DirectoryHandler
FontType:Type1
FontName:Frutiger-Roman
FamilyName:Frutiger
StyleName:55 Roman
FullName:Frutiger 55 Roman
WritingScript:Roman
OutlineFileName:H:\__SOFT_ARCHIV\__Fonts\__FOnt_Packages\Adobe Font Folio Fonts\Frutiger\FTR_____.PFB
DataFormat:Plain
UsesStandardEncoding:yes
isCFF:no
FileLength:28662
WeightClass:400
WidthClass:5
AngleClass:0
%EndFont

%BeginFont
Handler:DirectoryHandler
FontType:PFM
FontName:Frutiger-Roman
NumMMAxes:0
OutlineFileName:H:\__SOFT_ARCHIV\__Fonts\__FOnt_Packages\Adobe Font Folio Fonts\Frutiger\FTR_____.PFM
FileLength:1057
%EndFont

%BeginFont
Handler:DirectoryHandler
FontType:Invalid
OutlineFileName:H:\__SOFT_ARCHIV\__Fonts\__FOnt_Packages\Adobe Font Folio Fonts\Frutiger\FTUBL___.AFM
%EndFont

%BeginFont
Handler:DirectoryHandler
FontType:Invalid
OutlineFileName:H:\__SOFT_ARCHIV\__Fonts\__FOnt_Packages\Adobe Font Folio Fonts\Frutiger\FTUBL___.INF
%EndFont

%BeginFont
Handler:DirectoryHandler
FontType:Type1
FontName:Frutiger-UltraBlack
FamilyName:Frutiger
StyleName:95 Ultra Black
FullName:Frutiger 95 Ultra Black
WritingScript:Roman
OutlineFileName:H:\__SOFT_ARCHIV\__Fonts\__FOnt_Packages\Adobe Font Folio Fonts\Frutiger\FTUBL___.PFB
DataFormat:Plain
UsesStandardEncoding:yes
isCFF:no
FileLength:30834
WeightClass:950
WidthClass:5
AngleClass:0
%EndFont

%BeginFont
Handler:DirectoryHandler
FontType:PFM
FontName:Frutiger-UltraBlack
NumMMAxes:0
OutlineFileName:H:\__SOFT_ARCHIV\__Fonts\__FOnt_Packages\Adobe Font Folio Fonts\Frutiger\FTUBL___.PFM
FileLength:1091
%EndFont

%BeginFont
Handler:DirectoryHandler
FontType:Invalid
OutlineFileName:H:\__SOFT_ARCHIV\__Fonts\__FOnt_Packages\Adobe Font Folio Fonts\Frutiger\FZ______.PFM
%EndFont

%BeginFont
Handler:DirectoryHandler
FontType:Invalid
OutlineFileName:H:\__SOFT_ARCHIV\__Fonts\__FOnt_Packages\Adobe Font Folio Fonts\Frutiger\glbi____.PFM
%EndFont

%BeginFont
Handler:DirectoryHandler
FontType:Invalid
OutlineFileName:H:\__SOFT_ARCHIV\__Fonts\__FOnt_Packages\Adobe Font Folio Fonts\Frutiger\gli_____.PFM
%EndFont

%BeginFont
Handler:DirectoryHandler
FontType:Invalid
OutlineFileName:H:\__SOFT_ARCHIV\__Fonts\__FOnt_Packages\Adobe Font Folio Fonts\Frutiger\hsb_____.PFM
%EndFont

%BeginFont
Handler:DirectoryHandler
FontType:Invalid
OutlineFileName:H:\__SOFT_ARCHIV\__Fonts\__FOnt_Packages\Adobe Font Folio Fonts\Frutiger\hsl_____.PFM
%EndFont

%BeginFont
Handler:DirectoryHandler
FontType:Invalid
OutlineFileName:H:\__SOFT_ARCHIV\__Fonts\__FOnt_Packages\Adobe Font Folio Fonts\Frutiger\hsrg____.PFM
%EndFont

%BeginFont
Handler:DirectoryHandler
FontType:Invalid
OutlineFileName:H:\__SOFT_ARCHIV\__Fonts\__FOnt_Packages\Adobe Font Folio Fonts\Frutiger\hssb____.PFM
%EndFont

%BeginFont
Handler:DirectoryHandler
FontType:Invalid
OutlineFileName:H:\__SOFT_ARCHIV\__Fonts\__FOnt_Packages\Adobe Font Folio Fonts\Frutiger\HVFRB___.PFM
%EndFont

%BeginFont
Handler:DirectoryHandler
FontType:Invalid
OutlineFileName:H:\__SOFT_ARCHIV\__Fonts\__FOnt_Packages\Adobe Font Folio Fonts\Frutiger\HVFR____.PFM
%EndFont

%BeginFont
Handler:DirectoryHandler
FontType:Invalid
OutlineFileName:H:\__SOFT_ARCHIV\__Fonts\__FOnt_Packages\Adobe Font Folio Fonts\Frutiger\KT2B____.PFM
%EndFont

%BeginFont
Handler:DirectoryHandler
FontType:Invalid
OutlineFileName:H:\__SOFT_ARCHIV\__Fonts\__FOnt_Packages\Adobe Font Folio Fonts\Frutiger\KTBL____.PFM
%EndFont

%BeginFont
Handler:DirectoryHandler
FontType:Invalid
OutlineFileName:H:\__SOFT_ARCHIV\__Fonts\__FOnt_Packages\Adobe Font Folio Fonts\Frutiger\KTM_____.PFM
%EndFont

%BeginFont
Handler:DirectoryHandler
FontType:Invalid
OutlineFileName:H:\__SOFT_ARCHIV\__Fonts\__FOnt_Packages\Adobe Font Folio Fonts\Frutiger\rdbi____.PFM
%EndFont

%BeginFont
Handler:DirectoryHandler
FontType:Invalid
OutlineFileName:H:\__SOFT_ARCHIV\__Fonts\__FOnt_Packages\Adobe Font Folio Fonts\Frutiger\rdi_____.PFM
%EndFont

%BeginFont
Handler:DirectoryHandler
FontType:Invalid
OutlineFileName:H:\__SOFT_ARCHIV\__Fonts\__FOnt_Packages\Adobe Font Folio Fonts\Frutiger\README.TXT
%EndFont

%BeginFont
Handler:DirectoryHandler
FontType:Invalid
OutlineFileName:H:\__SOFT_ARCHIV\__Fonts\__FOnt_Packages\Adobe Font Folio Fonts\Frutiger\RNB_____.PFM
%EndFont

%BeginFont
Handler:DirectoryHandler
FontType:Invalid
OutlineFileName:H:\__SOFT_ARCHIV\__Fonts\__FOnt_Packages\Adobe Font Folio Fonts\Frutiger\RNI_____.PFM
%EndFont

%BeginFont
Handler:DirectoryHandler
FontType:Invalid
OutlineFileName:H:\__SOFT_ARCHIV\__Fonts\__FOnt_Packages\Adobe Font Folio Fonts\Frutiger\RNR_____.PFM
%EndFont

%BeginFont
Handler:DirectoryHandler
FontType:Invalid
OutlineFileName:H:\__SOFT_ARCHIV\__Fonts\__FOnt_Packages\Adobe Font Folio Fonts\Frutiger\spbl____.PFM
%EndFont

%BeginFont
Handler:DirectoryHandler
FontType:Invalid
OutlineFileName:H:\__SOFT_ARCHIV\__Fonts\__FOnt_Packages\Adobe Font Folio Fonts\Frutiger\spb_____.PFM
%EndFont

%BeginFont
Handler:DirectoryHandler
FontType:Invalid
OutlineFileName:H:\__SOFT_ARCHIV\__Fonts\__FOnt_Packages\Adobe Font Folio Fonts\Frutiger\spm_____.PFM
%EndFont

%BeginFont
Handler:DirectoryHandler
FontType:Invalid
OutlineFileName:H:\__SOFT_ARCHIV\__Fonts\__FOnt_Packages\Adobe Font Folio Fonts\Frutiger\spw_____.PFM
%EndFont

%BeginFont
Handler:DirectoryHandler
FontType:Invalid
OutlineFileName:H:\__SOFT_ARCHIV\__Fonts\__FOnt_Packages\Adobe Font Folio Fonts\Frutiger\xlasi___.PFM
%EndFont

%BeginFont
Handler:DirectoryHandler
FontType:Invalid
OutlineFileName:H:\__SOFT_ARCHIV\__Fonts\__FOnt_Packages\Adobe Font Folio Fonts\Frutiger\xlbix___.PFM
%EndFont

%BeginFont
Handler:DirectoryHandler
FontType:Invalid
OutlineFileName:H:\__SOFT_ARCHIV\__Fonts\__FOnt_Packages\Adobe Font Folio Fonts\Frutiger\xlb_____.PFM
%EndFont

%BeginFont
Handler:DirectoryHandler
FontType:Invalid
OutlineFileName:H:\__SOFT_ARCHIV\__Fonts\__FOnt_Packages\Adobe Font Folio Fonts\Frutiger\xlial___.PFM
%EndFont

%BeginFont
Handler:DirectoryHandler
FontType:Invalid
OutlineFileName:H:\__SOFT_ARCHIV\__Fonts\__FOnt_Packages\Adobe Font Folio Fonts\Frutiger\xlixp___.PFM
%EndFont

%BeginFont
Handler:DirectoryHandler
FontType:Invalid
OutlineFileName:H:\__SOFT_ARCHIV\__Fonts\__FOnt_Packages\Adobe Font Folio Fonts\Frutiger\xlrg____.PFM
%EndFont

%BeginFont
Handler:DirectoryHandler
FontType:Invalid
OutlineFileName:H:\__SOFT_ARCHIV\__Fonts\__FOnt_Packages\Adobe Font Folio Fonts\Frutiger\xlsb____.PFM
%EndFont

%BeginFont
Handler:DirectoryHandler
FontType:Invalid
OutlineFileName:H:\__SOFT_ARCHIV\__Fonts\__FOnt_Packages\Adobe Font Folio Fonts\Frutiger\xlsix___.PFM
%EndFont

%BeginFont
Handler:DirectoryHandler
FontType:Invalid
OutlineFileName:H:\__SOFT_ARCHIV\__Fonts\__FOnt_Packages\Adobe Font Folio Fonts\Frutiger\yhbi____.PFM
%EndFont

%BeginFont
Handler:DirectoryHandler
FontType:Invalid
OutlineFileName:H:\__SOFT_ARCHIV\__Fonts\__FOnt_Packages\Adobe Font Folio Fonts\Frutiger\yhebi___.PFM
%EndFont

%BeginFont
Handler:DirectoryHandler
FontType:Invalid
OutlineFileName:H:\__SOFT_ARCHIV\__Fonts\__FOnt_Packages\Adobe Font Folio Fonts\Frutiger\yhi_____.PFM
%EndFont

%BeginFont
Handler:DirectoryHandler
FontType:Invalid
OutlineFileName:H:\__SOFT_ARCHIV\__Fonts\__FOnt_Packages\Adobe Font Folio Fonts\Frutiger\yhli____.PFM
%EndFont

